<?xml version="1.0" encoding="UTF-8"?>
<testng-results ignored="0" total="2" passed="2" failed="0" skipped="0">
  <reporter-output>
  </reporter-output>
  <suite started-at="2023-12-21T14:36:59 BDT" name="Default Suite" finished-at="2023-12-21T14:37:00 BDT" duration-ms="994">
    <groups>
    </groups>
    <test started-at="2023-12-21T14:36:59 BDT" name="RESTassuredProject1" finished-at="2023-12-21T14:37:00 BDT" duration-ms="994">
      <class name="APITests">
        <test-method signature="test1()[pri:0, instance:APITests@3ffcd140]" started-at="2023-12-21T14:36:59 BDT" name="test1" finished-at="2023-12-21T14:37:00 BDT" duration-ms="899" status="PASS">
          <reporter-output>
          </reporter-output>
        </test-method> <!-- test1 -->
        <test-method signature="test2()[pri:0, instance:APITests@3ffcd140]" started-at="2023-12-21T14:37:00 BDT" name="test2" finished-at="2023-12-21T14:37:00 BDT" duration-ms="75" status="PASS">
          <reporter-output>
          </reporter-output>
        </test-method> <!-- test2 -->
      </class> <!-- APITests -->
    </test> <!-- RESTassuredProject1 -->
  </suite> <!-- Default Suite -->
</testng-results>
